-------------------------------------------------------------------------------
Test set: GM Journey for Tech /EduTech framework
-------------------------------------------------------------------------------
Tests run: 20, Failures: 1, Errors: 0, Skipped: 0, Time elapsed: 3,107.764 s <<< FAILURE! - in GM Journey for Tech /EduTech framework
To verify Buyer has provided with different recommendations "tech-both-edu-lot5", lots "1", service details "techProdEduDetails" on GM results page after initiating GM journey for framework "laptop" and after answering different set of question as looking for "Both, product and service", selects multiple service areas "Audio-visual (AV)", Sector buying as "Education" during the journey(GM Journey for Tech /EduTech framework)  Time elapsed: 106.2 s  <<< FAILURE!
org.junit.ComparisonFailure: 
The actual recommendation description: <Provision and installation of sound and visual equipment
Suppliers can provide interactive solutions such as whiteboards, digital signage, TVs, AV software, auditorium solutions and training> is not equal with the expected one <Lot 5: Audio Visual (AV)-description> for <tech-both-edu-lot5-description> expected:<[The provision and installation of sound and/or visual equipment. Suppliers under this lot are capable of supplying interactive solutions (whiteboards, tables), digital signage, televisions, AV software, auditorium solutions, training.]> but was:<[Provision and installation of sound and visual equipment
Suppliers can provide interactive solutions such as whiteboards, digital signage, TVs, AV software, auditorium solutions and training]>

