<?xml version="1.0" encoding="UTF-8"?>
<testsuite xmlns:xsi="http://www.w3.org/2001/XMLSchema-instance" xsi:noNamespaceSchemaLocation="https://maven.apache.org/surefire/maven-surefire-plugin/xsd/surefire-test-report.xsd" name="GM Journey for Tech /EduTech framework" time="3,107.764" tests="20" errors="0" skipped="0" failures="1">
  <properties>
[...]
</properties>
  <testcase name="To verify Buyer has provided with different recommendations &quot;lot5_lot4&quot;, lots &quot;2&quot;, service details &quot;techProdEduDetails&quot; on GM results page after initiating GM journey for framework &quot;laptop&quot; and after answering different set of question as looking for &quot;Product&quot;, Sector buying as &quot;Education&quot; during the journey" classname="GM Journey for Tech /EduTech framework" time="158.459"/>
  <testcase name="To verify Buyer has provided with different recommendations &quot;lot6&quot;, lots &quot;1&quot;, service details &quot;techProdNonEduDetails&quot; on GM results page after initiating GM journey for framework &quot;laptop&quot; and after answering different set of question as looking for &quot;Product&quot;, Sector buying as &quot;Central Government&quot; during the journey" classname="GM Journey for Tech /EduTech framework" time="121.457"/>
  <testcase name="To verify Buyer has provided with different recommendations &quot;lot2-tech&quot;, lots &quot;1&quot;, service details &quot;techSerEduDetails&quot; on GM results page after initiating GM journey for framework &quot;laptop&quot; and after answering different set of question as looking for &quot;Service&quot;, selects multiple service areas &quot;&lt;serviceAreaOpt&gt;&quot;, Sector buying as &quot;Education&quot; during the journey" classname="GM Journey for Tech /EduTech framework" time="135.536"/>
  <testcase name="To verify Buyer has provided with different recommendations &quot;lot3-tech&quot;, lots &quot;1&quot;, service details &quot;techSerEduDetails&quot; on GM results page after initiating GM journey for framework &quot;laptop&quot; and after answering different set of question as looking for &quot;Service&quot;, selects multiple service areas &quot;&lt;serviceAreaOpt&gt;&quot;, Sector buying as &quot;Education&quot; during the journey" classname="GM Journey for Tech /EduTech framework" time="138.132"/>
  <testcase name="To verify Buyer has provided with different recommendations &quot;&lt;recommendation&gt;&quot;, lots &quot;&lt;lots&gt;&quot;, service details &quot;techSerNonEduDetails&quot; on GM results page after initiating GM journey for framework &quot;laptop&quot; and after answering different set of question as looking for &quot;Service&quot;, selects multiple service areas &quot;&lt;serviceAreaOpt&gt;&quot;, Sector buying as &quot;Local Government&quot; during the journey" classname="GM Journey for Tech /EduTech framework" time="118.802"/>
  <testcase name="To verify Buyer has provided with different recommendations &quot;&lt;recommendation&gt;&quot;, lots &quot;&lt;lots&gt;&quot;, service details &quot;techSerNonEduDetails&quot; on GM results page after initiating GM journey for framework &quot;laptop&quot; and after answering different set of question as looking for &quot;Service&quot;, selects multiple service areas &quot;&lt;serviceAreaOpt&gt;&quot;, Sector buying as &quot;Ministry of Defence or defence infrastructure organisation&quot; during the journey" classname="GM Journey for Tech /EduTech framework" time="123.872"/>
  <testcase name="To verify Buyer has provided with different recommendations &quot;&lt;recommendation&gt;&quot;, lots &quot;&lt;lots&gt;&quot;, service details &quot;techSerTechDetails&quot; on GM results page after initiating GM journey for framework &quot;laptop&quot; and after answering different set of question as looking for &quot;Service&quot;, selects multiple service areas &quot;&lt;serviceAreaOpt&gt;&quot; during the journey" classname="GM Journey for Tech /EduTech framework" time="108.451"/>
  <testcase name="To verify Buyer has provided with different recommendations &quot;&lt;recommendation&gt;&quot;, lots &quot;&lt;lots&gt;&quot;, service details &quot;techSerTechDetails&quot; on GM results page after initiating GM journey for framework &quot;laptop&quot; and after answering different set of question as looking for &quot;Service&quot;, selects multiple service areas &quot;&lt;serviceAreaOpt&gt;&quot; during the journey" classname="GM Journey for Tech /EduTech framework" time="99.603"/>
  <testcase name="To verify Buyer has provided with different recommendations &quot;tech-both-lot4&quot;, lots &quot;1&quot;, service details &quot;techBothTechDetailsInfo&quot; on GM results page after initiating GM journey for framework &quot;laptop&quot; and after answering different set of question as looking for &quot;Both, product and service&quot;, selects multiple service areas &quot;Information assured services&quot;, Sector buying as &quot;&lt;sectorRadio&gt;&quot; during the journey" classname="GM Journey for Tech /EduTech framework" time="143.507"/>
  <testcase name="To verify Buyer has provided with different recommendations &quot;tech-both-lot3&quot;, lots &quot;1&quot;, service details &quot;techBothTechDetailsInfo&quot; on GM results page after initiating GM journey for framework &quot;laptop&quot; and after answering different set of question as looking for &quot;Both, product and service&quot;, selects multiple service areas &quot;Software&quot;, Sector buying as &quot;&lt;sectorRadio&gt;&quot; during the journey" classname="GM Journey for Tech /EduTech framework" time="116.124"/>
  <testcase name="To verify Buyer has provided with different recommendations &quot;tech-both-lot1&quot;, lots &quot;1&quot;, service details &quot;techBothTechDetailsInfo&quot; on GM results page after initiating GM journey for framework &quot;laptop&quot; and after answering different set of question as looking for &quot;Both, product and service&quot;, selects multiple service areas &quot;Hardware and software ICT solutions&quot;, Sector buying as &quot;Devolved&quot; during the journey" classname="GM Journey for Tech /EduTech framework" time="160.807"/>
  <testcase name="To verify Buyer has provided with different recommendations &quot;tech-both-edu-lot1&quot;, lots &quot;1&quot;, service details &quot;techProdEduDetails&quot; on GM results page after initiating GM journey for framework &quot;laptop&quot; and after answering different set of question as looking for &quot;Both, product and service&quot;, selects multiple service areas &quot;Hardware and software ICT solutions&quot;, Sector buying as &quot;Education&quot; during the journey" classname="GM Journey for Tech /EduTech framework" time="165.185"/>
  <testcase name="To verify Buyer has provided with different recommendations &quot;tech-both-lot2&quot;, lots &quot;1&quot;, service details &quot;techBothTechDetailsInfo&quot; on GM results page after initiating GM journey for framework &quot;laptop&quot; and after answering different set of question as looking for &quot;Both, product and service&quot;, selects multiple service areas &quot;Audio-visual (AV)&quot;, Sector buying as &quot;Health&quot; during the journey" classname="GM Journey for Tech /EduTech framework" time="162.811"/>
  <testcase name="To verify Buyer has provided with different recommendations &quot;tech-both-edu-lot5&quot;, lots &quot;1&quot;, service details &quot;techProdEduDetails&quot; on GM results page after initiating GM journey for framework &quot;laptop&quot; and after answering different set of question as looking for &quot;Both, product and service&quot;, selects multiple service areas &quot;Audio-visual (AV)&quot;, Sector buying as &quot;Education&quot; during the journey" classname="GM Journey for Tech /EduTech framework" time="106.2">
    <failure message="The actual recommendation description: &lt;Provision and installation of sound and visual equipment&#10;Suppliers can provide interactive solutions such as whiteboards, digital signage, TVs, AV software, auditorium solutions and training&gt; is not equal with the expected one &lt;Lot 5: Audio Visual (AV)-description&gt; for &lt;tech-both-edu-lot5-description&gt; expected:&lt;[The provision and installation of sound and/or visual equipment. Suppliers under this lot are capable of supplying interactive solutions (whiteboards, tables), digital signage, televisions, AV software, auditorium solutions, training.]&gt; but was:&lt;[Provision and installation of sound and visual equipment&#10;Suppliers can provide interactive solutions such as whiteboards, digital signage, TVs, AV software, auditorium solutions and training]&gt;" type="org.junit.ComparisonFailure"><![CDATA[org.junit.ComparisonFailure: 
The actual recommendation description: <Provision and installation of sound and visual equipment
Suppliers can provide interactive solutions such as whiteboards, digital signage, TVs, AV software, auditorium solutions and training> is not equal with the expected one <Lot 5: Audio Visual (AV)-description> for <tech-both-edu-lot5-description> expected:<[The provision and installation of sound and/or visual equipment. Suppliers under this lot are capable of supplying interactive solutions (whiteboards, tables), digital signage, televisions, AV software, auditorium solutions, training.]> but was:<[Provision and installation of sound and visual equipment
Suppliers can provide interactive solutions such as whiteboards, digital signage, TVs, AV software, auditorium solutions and training]>
]]></failure>
    <system-out><![CDATA[2020-09-01 12:15:04 INFO  TestContext:41 - =================To verify Buyer has provided with different recommendations "tech-both-edu-lot5", lots "1", service details "techProdEduDetails" on GM results page after initiating GM journey for framework "laptop" and after answering different set of question as looking for "Both, product and service", selects multiple service areas "Audio-visual (AV)", Sector buying as "Education" during the journey execution starts===================
2020-09-01 12:15:04 INFO  BrowserFactory:33 - Opening CHROME_HEADLESSbrowser
Started in thread: 13, in JVM: 16804@LTIBUK06252
2020-09-01 12:15:09 INFO  TestContext:54 - Successfully lunched the chrome browser
2020-09-01 12:15:10 INFO  BrowserFactory:96 -  launched
2020-09-01 12:15:18 INFO  HomePage:81 - Clicked on Start now button
2020-09-01 12:15:21 INFO  HomePage:92 - Buyer clicked on Both, product and service radio button
2020-09-01 12:15:33 INFO  HomePage:81 - Clicked on Continue button
2020-09-01 12:15:36 INFO  HomePage:103 - Buyer clicked on Audio-visual (AV) checkbox  button
2020-09-01 12:15:53 INFO  HomePage:81 - Clicked on Continue button
2020-09-01 12:15:56 INFO  HomePage:92 - Buyer clicked on Education radio button
2020-09-01 12:16:11 INFO  HomePage:81 - Clicked on Continue button
2020-09-01 12:16:41 INFO  BrowserFactory:126 - 
2020-09-01 12:16:49 INFO  TestContext:90 - =================To verify Buyer has provided with different recommendations "tech-both-edu-lot5", lots "1", service details "techProdEduDetails" on GM results page after initiating GM journey for framework "laptop" and after answering different set of question as looking for "Both, product and service", selects multiple service areas "Audio-visual (AV)", Sector buying as "Education" during the journey execution ends===================
]]></system-out>
    <system-err><![CDATA[Starting ChromeDriver 79.0.3945.36 (3582db32b33893869b8c1339e8f4d9ed1816f143-refs/branch-heads/3945@{#614}) on port 28385
Only local connections are allowed.
Please protect ports used by ChromeDriver and related test frameworks to prevent access by malicious code.
Sep 01, 2020 12:15:07 PM org.openqa.selenium.remote.ProtocolHandshake createSession
INFO: Detected dialect: W3C
]]></system-err>
  </testcase>
  <testcase name="To verify Buyer has provided with different recommendations &quot;tech-both-lot2&quot;, lots &quot;1&quot;, service details &quot;techBothTechDetailsInfo&quot; on GM results page after initiating GM journey for framework &quot;laptop&quot; and after answering different set of question as looking for &quot;Both, product and service&quot;, selects multiple service areas &quot;Hardware&quot;, Sector buying as &quot;Blue light&quot; during the journey" classname="GM Journey for Tech /EduTech framework" time="163.812"/>
  <testcase name="To verify Buyer has provided with different recommendations &quot;tech-both-edu-lot4&quot;, lots &quot;1&quot;, service details &quot;techProdEduDetails&quot; on GM results page after initiating GM journey for framework &quot;laptop&quot; and after answering different set of question as looking for &quot;Both, product and service&quot;, selects multiple service areas &quot;Hardware&quot;, Sector buying as &quot;Education&quot; during the journey" classname="GM Journey for Tech /EduTech framework" time="170.335"/>
  <testcase name="To verify Buyer has provided with different recommendations &quot;&lt;recommendation&gt;&quot;, lots &quot;&lt;lots&gt;&quot;, service details &quot;techBothTechDetailsInfo&quot; on GM results page after initiating GM journey for framework &quot;laptop&quot; and after answering different set of question as looking for &quot;Both, product and service&quot;, selects multiple service areas &quot;Anything else&quot;, Sector buying as &quot;Charities&quot; during the journey" classname="GM Journey for Tech /EduTech framework" time="130.525"/>
  <testcase name="To verify Buyer has provided with different recommendations &quot;&lt;recommendation&gt;&quot;, lots &quot;&lt;lots&gt;&quot;, service details &quot;techProdEduDetails&quot; on GM results page after initiating GM journey for framework &quot;laptop&quot; and after answering different set of question as looking for &quot;Both, product and service&quot;, selects multiple service areas &quot;Anything else&quot;, Sector buying as &quot;Education&quot; during the journey" classname="GM Journey for Tech /EduTech framework" time="152.661"/>
  <testcase name="To verify Buyer has provided with different recommendations &quot;tech-both-lot1&quot;, lots &quot;1&quot;, service details &quot;techBothTechDetailsInfo&quot; on GM results page after initiating GM journey for framework &quot;laptop&quot; and after answering different set of question as looking for &quot;Both, product and service&quot;, selects multiple service areas &quot;Hardware and software ICT solutions&quot;, Sector buying as &quot;Charities&quot; and user clicks on Change answers during the journey" classname="GM Journey for Tech /EduTech framework" time="295.482"/>
  <testcase name="To verify Buyer has provided with different recommendations &quot;&lt;recommServices&gt;&quot;, lots &quot;1&quot;, service details &quot;techProdEduDetails&quot; on GM results page after initiating GM journey for framework &quot;laptop&quot; and after answering different set of question as looking for &quot;Both, product and service&quot;, selects multiple service areas &quot;Hardware and software ICT solutions&quot;, Sector buying as &quot;Education&quot; and and Buyer clicks on &quot;Start over to change your answers&quot; link during the journey" classname="GM Journey for Tech /EduTech framework" time="335.961"/>
</testsuite>